<?xml version="1.0" encoding="UTF-8" ?>
<testsuite tests="9" failures="0" name="test.com.h2rd.refactoring.integration.UserIntegrationTest" time="5.779" errors="0" skipped="0">
  <properties>
    <property name="java.runtime.name" value="Java(TM) SE Runtime Environment"/>
    <property name="sun.boot.library.path" value="/opt/jdk1.8.0_171/jre/lib/amd64"/>
    <property name="java.vm.version" value="25.171-b11"/>
    <property name="java.vm.vendor" value="Oracle Corporation"/>
    <property name="maven.multiModuleProjectDirectory" value="/mnt/c/Users/lakos/Dropbox/sakasu/workspaces/java-refactoringSentToHybris2nd/sirbyh"/>
    <property name="java.vendor.url" value="http://java.oracle.com/"/>
    <property name="path.separator" value=":"/>
    <property name="guice.disable.misplaced.annotation.check" value="true"/>
    <property name="java.vm.name" value="Java HotSpot(TM) 64-Bit Server VM"/>
    <property name="file.encoding.pkg" value="sun.io"/>
    <property name="user.country" value="US"/>
    <property name="sun.java.launcher" value="SUN_STANDARD"/>
    <property name="sun.os.patch.level" value="unknown"/>
    <property name="java.vm.specification.name" value="Java Virtual Machine Specification"/>
    <property name="user.dir" value="/mnt/c/Users/lakos/Dropbox/sakasu/workspaces/java-refactoringSentToHybris2nd/sirbyh"/>
    <property name="java.runtime.version" value="1.8.0_171-b11"/>
    <property name="java.awt.graphicsenv" value="sun.awt.X11GraphicsEnvironment"/>
    <property name="java.endorsed.dirs" value="/opt/jdk1.8.0_171/jre/lib/endorsed"/>
    <property name="os.arch" value="amd64"/>
    <property name="java.io.tmpdir" value="/tmp"/>
    <property name="line.separator" value="
"/>
    <property name="java.vm.specification.vendor" value="Oracle Corporation"/>
    <property name="os.name" value="Linux"/>
    <property name="classworlds.conf" value="/opt/apache-maven-3.5.3/bin/m2.conf"/>
    <property name="sun.jnu.encoding" value="UTF-8"/>
    <property name="java.library.path" value="/usr/java/packages/lib/amd64:/usr/lib64:/lib64:/lib:/usr/lib"/>
    <property name="maven.conf" value="/opt/apache-maven-3.5.3/conf"/>
    <property name="java.specification.name" value="Java Platform API Specification"/>
    <property name="java.class.version" value="52.0"/>
    <property name="sun.management.compiler" value="HotSpot 64-Bit Tiered Compilers"/>
    <property name="os.version" value="4.4.0-17134-Microsoft"/>
    <property name="library.jansi.path" value="/opt/apache-maven-3.5.3/lib/jansi-native"/>
    <property name="user.home" value="/home/arb"/>
    <property name="user.timezone" value="GMT"/>
    <property name="java.awt.printerjob" value="sun.print.PSPrinterJob"/>
    <property name="java.specification.version" value="1.8"/>
    <property name="file.encoding" value="UTF-8"/>
    <property name="user.name" value="arb"/>
    <property name="java.class.path" value="/opt/apache-maven-3.5.3/boot/plexus-classworlds-2.5.2.jar"/>
    <property name="java.vm.specification.version" value="1.8"/>
    <property name="sun.arch.data.model" value="64"/>
    <property name="java.home" value="/opt/jdk1.8.0_171/jre"/>
    <property name="sun.java.command" value="org.codehaus.plexus.classworlds.launcher.Launcher clean install dependency:copy-dependencies"/>
    <property name="java.specification.vendor" value="Oracle Corporation"/>
    <property name="user.language" value="en"/>
    <property name="awt.toolkit" value="sun.awt.X11.XToolkit"/>
    <property name="java.vm.info" value="mixed mode"/>
    <property name="java.version" value="1.8.0_171"/>
    <property name="java.ext.dirs" value="/opt/jdk1.8.0_171/jre/lib/ext:/usr/java/packages/lib/ext"/>
    <property name="securerandom.source" value="file:/dev/./urandom"/>
    <property name="sun.boot.class.path" value="/opt/jdk1.8.0_171/jre/lib/resources.jar:/opt/jdk1.8.0_171/jre/lib/rt.jar:/opt/jdk1.8.0_171/jre/lib/sunrsasign.jar:/opt/jdk1.8.0_171/jre/lib/jsse.jar:/opt/jdk1.8.0_171/jre/lib/jce.jar:/opt/jdk1.8.0_171/jre/lib/charsets.jar:/opt/jdk1.8.0_171/jre/lib/jfr.jar:/opt/jdk1.8.0_171/jre/classes"/>
    <property name="java.vendor" value="Oracle Corporation"/>
    <property name="maven.home" value="/opt/apache-maven-3.5.3"/>
    <property name="file.separator" value="/"/>
    <property name="java.vendor.url.bug" value="http://bugreport.sun.com/bugreport/"/>
    <property name="sun.cpu.endian" value="little"/>
    <property name="sun.io.unicode.encoding" value="UnicodeLittle"/>
    <property name="sun.cpu.isalist" value=""/>
  </properties>
  <testcase classname="test.com.h2rd.refactoring.integration.UserIntegrationTest" name="createUserTest" time="5.763"/>
  <testcase classname="test.com.h2rd.refactoring.integration.UserIntegrationTest" name="deleteUserTest" time="0"/>
  <testcase classname="test.com.h2rd.refactoring.integration.UserIntegrationTest" name="updateExistingUserTest" time="0"/>
  <testcase classname="test.com.h2rd.refactoring.integration.UserIntegrationTest" name="updateNonExistingUserTest" time="0"/>
  <testcase classname="test.com.h2rd.refactoring.integration.UserIntegrationTest" name="getUsers" time="0"/>
  <testcase classname="test.com.h2rd.refactoring.integration.UserIntegrationTest" name="getUsersWithNoUsers" time="0"/>
  <testcase classname="test.com.h2rd.refactoring.integration.UserIntegrationTest" name="findUser" time="0.008"/>
  <testcase classname="test.com.h2rd.refactoring.integration.UserIntegrationTest" name="findUserNotThere" time="0"/>
  <testcase classname="test.com.h2rd.refactoring.integration.UserIntegrationTest" name="findUserWithNoName" time="0.008"/>
</testsuite>